<?xml version="1.0" encoding="UTF-8"?>
<!-- Generated by org.testng.reporters.JUnitReportReporter -->
<testsuite hostname="LaptopRK-2021" failures="0" tests="6" name="com.kwee.james.mailets.KPNVeiligVirusScanTest" time="1.401" errors="5" timestamp="2025-07-17T15:05:42 CEST" skipped="0">
  <testcase classname="com.kwee.james.mailets.KPNVeiligVirusScanTest" name="testInfectedMailShouldBeQuarantined" time="0.076">
    <error message="
Mockito cannot mock this class: class com.kwee.james.mailets.KPNVeiligVirusScan.

If you&#039;re not sure why you&#039;re getting this error, please open an issue on GitHub.


Java               : 24
JVM vendor name    : Azul Systems, Inc.
JVM vendor version : 24.0.1+9
JVM name           : OpenJDK 64-Bit Server VM
JVM version        : 24.0.1+9
JVM info           : mixed mode, sharing
OS name            : Windows 10
OS version         : 10.0


You are seeing this disclaimer because Mockito is configured to create inlined mocks.
You can learn about inline mocks and their limitations under item #39 of the Mockito class javadoc.

Underlying exception : org.mockito.exceptions.base.MockitoException: Could not modify all classes [class org.apache.mailet.base.GenericMailet, class java.lang.Object, interface org.apache.mailet.Mailet, interface org.apache.mailet.MailetConfig, class com.kwee.james.mailets.KPNVeiligVirusScan]" type="org.mockito.exceptions.base.MockitoException">
      <![CDATA[org.mockito.exceptions.base.MockitoException: 
Mockito cannot mock this class: class com.kwee.james.mailets.KPNVeiligVirusScan.

If you're not sure why you're getting this error, please open an issue on GitHub.


Java               : 24
JVM vendor name    : Azul Systems, Inc.
JVM vendor version : 24.0.1+9
JVM name           : OpenJDK 64-Bit Server VM
JVM version        : 24.0.1+9
JVM info           : mixed mode, sharing
OS name            : Windows 10
OS version         : 10.0


You are seeing this disclaimer because Mockito is configured to create inlined mocks.
You can learn about inline mocks and their limitations under item #39 of the Mockito class javadoc.

Underlying exception : org.mockito.exceptions.base.MockitoException: Could not modify all classes [class org.apache.mailet.base.GenericMailet, class java.lang.Object, interface org.apache.mailet.Mailet, interface org.apache.mailet.MailetConfig, class com.kwee.james.mailets.KPNVeiligVirusScan]
at com.kwee.james.mailets.KPNVeiligVirusScanTest.testInfectedMailShouldBeQuarantined(KPNVeiligVirusScanTest.java:81)
at java.base/jdk.internal.reflect.DirectMethodHandleAccessor.invoke(DirectMethodHandleAccessor.java:104)
at java.base/java.lang.reflect.Method.invoke(Method.java:565)
at org.testng.internal.invokers.MethodInvocationHelper.invokeMethod(MethodInvocationHelper.java:139)
at org.testng.internal.invokers.TestInvoker.invokeMethod(TestInvoker.java:664)
at org.testng.internal.invokers.TestInvoker.invokeTestMethod(TestInvoker.java:227)
at org.testng.internal.invokers.MethodRunner.runInSequence(MethodRunner.java:50)
at org.testng.internal.invokers.TestInvoker$MethodInvocationAgent.invoke(TestInvoker.java:957)
at org.testng.internal.invokers.TestInvoker.invokeTestMethods(TestInvoker.java:200)
at org.testng.internal.invokers.TestMethodWorker.invokeTestMethods(TestMethodWorker.java:148)
at org.testng.internal.invokers.TestMethodWorker.run(TestMethodWorker.java:128)
at java.base/java.util.ArrayList.forEach(ArrayList.java:1604)
at org.testng.TestRunner.privateRun(TestRunner.java:848)
at org.testng.TestRunner.run(TestRunner.java:621)
at org.testng.SuiteRunner.runTest(SuiteRunner.java:443)
at org.testng.SuiteRunner.runSequentially(SuiteRunner.java:437)
at org.testng.SuiteRunner.privateRun(SuiteRunner.java:397)
at org.testng.SuiteRunner.run(SuiteRunner.java:336)
at org.testng.SuiteRunnerWorker.runSuite(SuiteRunnerWorker.java:52)
at org.testng.SuiteRunnerWorker.run(SuiteRunnerWorker.java:95)
at org.testng.TestNG.runSuitesSequentially(TestNG.java:1280)
at org.testng.TestNG.runSuitesLocally(TestNG.java:1200)
at org.testng.TestNG.runSuites(TestNG.java:1114)
at org.testng.TestNG.run(TestNG.java:1082)
at org.testng.remote.AbstractRemoteTestNG.run(AbstractRemoteTestNG.java:115)
at org.testng.remote.RemoteTestNG.initAndRun(RemoteTestNG.java:293)
at org.testng.remote.RemoteTestNG.main(RemoteTestNG.java:91)
Caused by: org.mockito.exceptions.base.MockitoException: Could not modify all classes [class org.apache.mailet.base.GenericMailet, class java.lang.Object, interface org.apache.mailet.Mailet, interface org.apache.mailet.MailetConfig, class com.kwee.james.mailets.KPNVeiligVirusScan]
at net.bytebuddy.TypeCache.findOrInsert(TypeCache.java:168)
at net.bytebuddy.TypeCache$WithInlineExpunction.findOrInsert(TypeCache.java:399)
at net.bytebuddy.TypeCache.findOrInsert(TypeCache.java:190)
at net.bytebuddy.TypeCache$WithInlineExpunction.findOrInsert(TypeCache.java:410)
... 27 more
Caused by: java.lang.IllegalStateException: 
Byte Buddy could not instrument all classes within the mock's type hierarchy

This problem should never occur for javac-compiled classes. This problem has been observed for classes that are:
 - Compiled by older versions of scalac
 - Classes that are part of the Android distribution
at org.mockito.internal.creation.bytebuddy.InlineBytecodeGenerator.triggerRetransformation(InlineBytecodeGenerator.java:285)
at org.mockito.internal.creation.bytebuddy.InlineBytecodeGenerator.mockClass(InlineBytecodeGenerator.java:218)
at org.mockito.internal.creation.bytebuddy.TypeCachingBytecodeGenerator.lambda$mockClass$0(TypeCachingBytecodeGenerator.java:78)
at net.bytebuddy.TypeCache.findOrInsert(TypeCache.java:168)
at net.bytebuddy.TypeCache$WithInlineExpunction.findOrInsert(TypeCache.java:399)
at net.bytebuddy.TypeCache.findOrInsert(TypeCache.java:190)
at net.bytebuddy.TypeCache$WithInlineExpunction.findOrInsert(TypeCache.java:410)
at org.mockito.internal.creation.bytebuddy.TypeCachingBytecodeGenerator.mockClass(TypeCachingBytecodeGenerator.java:75)
at org.mockito.internal.creation.bytebuddy.InlineDelegateByteBuddyMockMaker.createMockType(InlineDelegateByteBuddyMockMaker.java:396)
at org.mockito.internal.creation.bytebuddy.InlineDelegateByteBuddyMockMaker.doCreateMock(InlineDelegateByteBuddyMockMaker.java:355)
at org.mockito.internal.creation.bytebuddy.InlineDelegateByteBuddyMockMaker.createSpy(InlineDelegateByteBuddyMockMaker.java:345)
at org.mockito.internal.creation.bytebuddy.InlineByteBuddyMockMaker.createSpy(InlineByteBuddyMockMaker.java:62)
at org.mockito.internal.util.MockUtil.createMock(MockUtil.java:91)
at org.mockito.internal.MockitoCore.mock(MockitoCore.java:88)
at org.mockito.Mockito.spy(Mockito.java:2188)
... 27 more
Caused by: java.lang.IllegalArgumentException: Java 24 (68) is not supported by the current version of Byte Buddy which officially supports Java 21 (65) - update Byte Buddy or set net.bytebuddy.experimental as a VM property
at net.bytebuddy.utility.OpenedClassReader.of(OpenedClassReader.java:100)
at net.bytebuddy.dynamic.scaffold.TypeWriter$Default$ForInlining.create(TypeWriter.java:4011)
at net.bytebuddy.dynamic.scaffold.TypeWriter$Default.make(TypeWriter.java:2224)
at net.bytebuddy.dynamic.DynamicType$Builder$AbstractBase$UsingTypeWriter.make(DynamicType.java:4055)
at net.bytebuddy.dynamic.DynamicType$Builder$AbstractBase.make(DynamicType.java:3739)
at org.mockito.internal.creation.bytebuddy.InlineBytecodeGenerator.transform(InlineBytecodeGenerator.java:402)
at java.instrument/java.lang.instrument.ClassFileTransformer.transform(ClassFileTransformer.java:257)
at java.instrument/sun.instrument.TransformerManager.transform(TransformerManager.java:188)
at java.instrument/sun.instrument.InstrumentationImpl.transform(InstrumentationImpl.java:594)
at java.instrument/sun.instrument.InstrumentationImpl.retransformClasses0(Native Method)
at java.instrument/sun.instrument.InstrumentationImpl.retransformClasses(InstrumentationImpl.java:221)
at org.mockito.internal.creation.bytebuddy.InlineBytecodeGenerator.triggerRetransformation(InlineBytecodeGenerator.java:281)
... 41 more
]]>
    </error>
  </testcase> <!-- testInfectedMailShouldBeQuarantined -->
  <testcase classname="com.kwee.james.mailets.KPNVeiligVirusScanTest" name="testQuarantineDisabled" time="0.057">
    <error message="
Mockito cannot mock this class: class com.kwee.james.mailets.KPNVeiligVirusScan.

If you&#039;re not sure why you&#039;re getting this error, please open an issue on GitHub.


Java               : 24
JVM vendor name    : Azul Systems, Inc.
JVM vendor version : 24.0.1+9
JVM name           : OpenJDK 64-Bit Server VM
JVM version        : 24.0.1+9
JVM info           : mixed mode, sharing
OS name            : Windows 10
OS version         : 10.0


You are seeing this disclaimer because Mockito is configured to create inlined mocks.
You can learn about inline mocks and their limitations under item #39 of the Mockito class javadoc.

Underlying exception : org.mockito.exceptions.base.MockitoException: Could not modify all classes [class org.apache.mailet.base.GenericMailet, class java.lang.Object, interface org.apache.mailet.Mailet, interface org.apache.mailet.MailetConfig, class com.kwee.james.mailets.KPNVeiligVirusScan]" type="org.mockito.exceptions.base.MockitoException">
      <![CDATA[org.mockito.exceptions.base.MockitoException: 
Mockito cannot mock this class: class com.kwee.james.mailets.KPNVeiligVirusScan.

If you're not sure why you're getting this error, please open an issue on GitHub.


Java               : 24
JVM vendor name    : Azul Systems, Inc.
JVM vendor version : 24.0.1+9
JVM name           : OpenJDK 64-Bit Server VM
JVM version        : 24.0.1+9
JVM info           : mixed mode, sharing
OS name            : Windows 10
OS version         : 10.0


You are seeing this disclaimer because Mockito is configured to create inlined mocks.
You can learn about inline mocks and their limitations under item #39 of the Mockito class javadoc.

Underlying exception : org.mockito.exceptions.base.MockitoException: Could not modify all classes [class org.apache.mailet.base.GenericMailet, class java.lang.Object, interface org.apache.mailet.Mailet, interface org.apache.mailet.MailetConfig, class com.kwee.james.mailets.KPNVeiligVirusScan]
at com.kwee.james.mailets.KPNVeiligVirusScanTest.testQuarantineDisabled(KPNVeiligVirusScanTest.java:115)
at java.base/jdk.internal.reflect.DirectMethodHandleAccessor.invoke(DirectMethodHandleAccessor.java:104)
at java.base/java.lang.reflect.Method.invoke(Method.java:565)
at org.testng.internal.invokers.MethodInvocationHelper.invokeMethod(MethodInvocationHelper.java:139)
at org.testng.internal.invokers.TestInvoker.invokeMethod(TestInvoker.java:664)
at org.testng.internal.invokers.TestInvoker.invokeTestMethod(TestInvoker.java:227)
at org.testng.internal.invokers.MethodRunner.runInSequence(MethodRunner.java:50)
at org.testng.internal.invokers.TestInvoker$MethodInvocationAgent.invoke(TestInvoker.java:957)
at org.testng.internal.invokers.TestInvoker.invokeTestMethods(TestInvoker.java:200)
at org.testng.internal.invokers.TestMethodWorker.invokeTestMethods(TestMethodWorker.java:148)
at org.testng.internal.invokers.TestMethodWorker.run(TestMethodWorker.java:128)
at java.base/java.util.ArrayList.forEach(ArrayList.java:1604)
at org.testng.TestRunner.privateRun(TestRunner.java:848)
at org.testng.TestRunner.run(TestRunner.java:621)
at org.testng.SuiteRunner.runTest(SuiteRunner.java:443)
at org.testng.SuiteRunner.runSequentially(SuiteRunner.java:437)
at org.testng.SuiteRunner.privateRun(SuiteRunner.java:397)
at org.testng.SuiteRunner.run(SuiteRunner.java:336)
at org.testng.SuiteRunnerWorker.runSuite(SuiteRunnerWorker.java:52)
at org.testng.SuiteRunnerWorker.run(SuiteRunnerWorker.java:95)
at org.testng.TestNG.runSuitesSequentially(TestNG.java:1280)
at org.testng.TestNG.runSuitesLocally(TestNG.java:1200)
at org.testng.TestNG.runSuites(TestNG.java:1114)
at org.testng.TestNG.run(TestNG.java:1082)
at org.testng.remote.AbstractRemoteTestNG.run(AbstractRemoteTestNG.java:115)
at org.testng.remote.RemoteTestNG.initAndRun(RemoteTestNG.java:293)
at org.testng.remote.RemoteTestNG.main(RemoteTestNG.java:91)
Caused by: org.mockito.exceptions.base.MockitoException: Could not modify all classes [class org.apache.mailet.base.GenericMailet, class java.lang.Object, interface org.apache.mailet.Mailet, interface org.apache.mailet.MailetConfig, class com.kwee.james.mailets.KPNVeiligVirusScan]
at net.bytebuddy.TypeCache.findOrInsert(TypeCache.java:168)
at net.bytebuddy.TypeCache$WithInlineExpunction.findOrInsert(TypeCache.java:399)
at net.bytebuddy.TypeCache.findOrInsert(TypeCache.java:190)
at net.bytebuddy.TypeCache$WithInlineExpunction.findOrInsert(TypeCache.java:410)
... 27 more
Caused by: java.lang.IllegalStateException: 
Byte Buddy could not instrument all classes within the mock's type hierarchy

This problem should never occur for javac-compiled classes. This problem has been observed for classes that are:
 - Compiled by older versions of scalac
 - Classes that are part of the Android distribution
at org.mockito.internal.creation.bytebuddy.InlineBytecodeGenerator.triggerRetransformation(InlineBytecodeGenerator.java:285)
at org.mockito.internal.creation.bytebuddy.InlineBytecodeGenerator.mockClass(InlineBytecodeGenerator.java:218)
at org.mockito.internal.creation.bytebuddy.TypeCachingBytecodeGenerator.lambda$mockClass$0(TypeCachingBytecodeGenerator.java:78)
at net.bytebuddy.TypeCache.findOrInsert(TypeCache.java:168)
at net.bytebuddy.TypeCache$WithInlineExpunction.findOrInsert(TypeCache.java:399)
at net.bytebuddy.TypeCache.findOrInsert(TypeCache.java:190)
at net.bytebuddy.TypeCache$WithInlineExpunction.findOrInsert(TypeCache.java:410)
at org.mockito.internal.creation.bytebuddy.TypeCachingBytecodeGenerator.mockClass(TypeCachingBytecodeGenerator.java:75)
at org.mockito.internal.creation.bytebuddy.InlineDelegateByteBuddyMockMaker.createMockType(InlineDelegateByteBuddyMockMaker.java:396)
at org.mockito.internal.creation.bytebuddy.InlineDelegateByteBuddyMockMaker.doCreateMock(InlineDelegateByteBuddyMockMaker.java:355)
at org.mockito.internal.creation.bytebuddy.InlineDelegateByteBuddyMockMaker.createSpy(InlineDelegateByteBuddyMockMaker.java:345)
at org.mockito.internal.creation.bytebuddy.InlineByteBuddyMockMaker.createSpy(InlineByteBuddyMockMaker.java:62)
at org.mockito.internal.util.MockUtil.createMock(MockUtil.java:91)
at org.mockito.internal.MockitoCore.mock(MockitoCore.java:88)
at org.mockito.Mockito.spy(Mockito.java:2188)
... 27 more
Caused by: java.lang.IllegalArgumentException: Java 24 (68) is not supported by the current version of Byte Buddy which officially supports Java 21 (65) - update Byte Buddy or set net.bytebuddy.experimental as a VM property
at net.bytebuddy.utility.OpenedClassReader.of(OpenedClassReader.java:100)
at net.bytebuddy.dynamic.scaffold.TypeWriter$Default$ForInlining.create(TypeWriter.java:4011)
at net.bytebuddy.dynamic.scaffold.TypeWriter$Default.make(TypeWriter.java:2224)
at net.bytebuddy.dynamic.DynamicType$Builder$AbstractBase$UsingTypeWriter.make(DynamicType.java:4055)
at net.bytebuddy.dynamic.DynamicType$Builder$AbstractBase.make(DynamicType.java:3739)
at org.mockito.internal.creation.bytebuddy.InlineBytecodeGenerator.transform(InlineBytecodeGenerator.java:402)
at java.instrument/java.lang.instrument.ClassFileTransformer.transform(ClassFileTransformer.java:257)
at java.instrument/sun.instrument.TransformerManager.transform(TransformerManager.java:188)
at java.instrument/sun.instrument.InstrumentationImpl.transform(InstrumentationImpl.java:594)
at java.instrument/sun.instrument.InstrumentationImpl.retransformClasses0(Native Method)
at java.instrument/sun.instrument.InstrumentationImpl.retransformClasses(InstrumentationImpl.java:221)
at org.mockito.internal.creation.bytebuddy.InlineBytecodeGenerator.triggerRetransformation(InlineBytecodeGenerator.java:281)
... 41 more
]]>
    </error>
  </testcase> <!-- testQuarantineDisabled -->
  <testcase classname="com.kwee.james.mailets.KPNVeiligVirusScanTest" name="testScanFailureShouldThrowException" time="0.920">
    <error message="
Expected exception of type class jakarta.mail.MessagingException but got org.mockito.exceptions.base.MockitoException: 
Mockito cannot mock this class: class com.kwee.james.mailets.KPNVeiligVirusScan.

If you&#039;re not sure why you&#039;re getting this error, please open an issue on GitHub.


Java               : 24
JVM vendor name    : Azul Systems, Inc.
JVM vendor version : 24.0.1+9
JVM name           : OpenJDK 64-Bit Server VM
JVM version        : 24.0.1+9
JVM info           : mixed mode, sharing
OS name            : Windows 10
OS version         : 10.0


You are seeing this disclaimer because Mockito is configured to create inlined mocks.
You can learn about inline mocks and their limitations under item #39 of the Mockito class javadoc.

Underlying exception : org.mockito.exceptions.base.MockitoException: Could not modify all classes [class org.apache.mailet.base.GenericMailet, class java.lang.Object, interface org.apache.mailet.Mailet, interface org.apache.mailet.MailetConfig, class com.kwee.james.mailets.KPNVeiligVirusScan]" type="org.testng.TestException">
      <![CDATA[org.testng.TestException: 
Expected exception of type class jakarta.mail.MessagingException but got org.mockito.exceptions.base.MockitoException: 
Mockito cannot mock this class: class com.kwee.james.mailets.KPNVeiligVirusScan.

If you're not sure why you're getting this error, please open an issue on GitHub.


Java               : 24
JVM vendor name    : Azul Systems, Inc.
JVM vendor version : 24.0.1+9
JVM name           : OpenJDK 64-Bit Server VM
JVM version        : 24.0.1+9
JVM info           : mixed mode, sharing
OS name            : Windows 10
OS version         : 10.0


You are seeing this disclaimer because Mockito is configured to create inlined mocks.
You can learn about inline mocks and their limitations under item #39 of the Mockito class javadoc.

Underlying exception : org.mockito.exceptions.base.MockitoException: Could not modify all classes [class org.apache.mailet.base.GenericMailet, class java.lang.Object, interface org.apache.mailet.Mailet, interface org.apache.mailet.MailetConfig, class com.kwee.james.mailets.KPNVeiligVirusScan]
at org.testng.internal.invokers.ExpectedExceptionsHolder.wrongException(ExpectedExceptionsHolder.java:67)
at org.testng.internal.invokers.TestInvoker.considerExceptions(TestInvoker.java:850)
at org.testng.internal.invokers.TestInvoker.invokeMethod(TestInvoker.java:718)
at org.testng.internal.invokers.TestInvoker.invokeTestMethod(TestInvoker.java:227)
at org.testng.internal.invokers.MethodRunner.runInSequence(MethodRunner.java:50)
at org.testng.internal.invokers.TestInvoker$MethodInvocationAgent.invoke(TestInvoker.java:957)
at org.testng.internal.invokers.TestInvoker.invokeTestMethods(TestInvoker.java:200)
at org.testng.internal.invokers.TestMethodWorker.invokeTestMethods(TestMethodWorker.java:148)
at org.testng.internal.invokers.TestMethodWorker.run(TestMethodWorker.java:128)
at java.base/java.util.ArrayList.forEach(ArrayList.java:1604)
at org.testng.TestRunner.privateRun(TestRunner.java:848)
at org.testng.TestRunner.run(TestRunner.java:621)
at org.testng.SuiteRunner.runTest(SuiteRunner.java:443)
at org.testng.SuiteRunner.runSequentially(SuiteRunner.java:437)
at org.testng.SuiteRunner.privateRun(SuiteRunner.java:397)
at org.testng.SuiteRunner.run(SuiteRunner.java:336)
at org.testng.SuiteRunnerWorker.runSuite(SuiteRunnerWorker.java:52)
at org.testng.SuiteRunnerWorker.run(SuiteRunnerWorker.java:95)
at org.testng.TestNG.runSuitesSequentially(TestNG.java:1280)
at org.testng.TestNG.runSuitesLocally(TestNG.java:1200)
at org.testng.TestNG.runSuites(TestNG.java:1114)
at org.testng.TestNG.run(TestNG.java:1082)
at org.testng.remote.AbstractRemoteTestNG.run(AbstractRemoteTestNG.java:115)
at org.testng.remote.RemoteTestNG.initAndRun(RemoteTestNG.java:293)
at org.testng.remote.RemoteTestNG.main(RemoteTestNG.java:91)
Caused by: org.mockito.exceptions.base.MockitoException: 
Mockito cannot mock this class: class com.kwee.james.mailets.KPNVeiligVirusScan.

If you're not sure why you're getting this error, please open an issue on GitHub.


Java               : 24
JVM vendor name    : Azul Systems, Inc.
JVM vendor version : 24.0.1+9
JVM name           : OpenJDK 64-Bit Server VM
JVM version        : 24.0.1+9
JVM info           : mixed mode, sharing
OS name            : Windows 10
OS version         : 10.0


You are seeing this disclaimer because Mockito is configured to create inlined mocks.
You can learn about inline mocks and their limitations under item #39 of the Mockito class javadoc.

Underlying exception : org.mockito.exceptions.base.MockitoException: Could not modify all classes [class org.apache.mailet.base.GenericMailet, class java.lang.Object, interface org.apache.mailet.Mailet, interface org.apache.mailet.MailetConfig, class com.kwee.james.mailets.KPNVeiligVirusScan]
at com.kwee.james.mailets.KPNVeiligVirusScanTest.testScanFailureShouldThrowException(KPNVeiligVirusScanTest.java:99)
at java.base/jdk.internal.reflect.DirectMethodHandleAccessor.invoke(DirectMethodHandleAccessor.java:104)
at java.base/java.lang.reflect.Method.invoke(Method.java:565)
at org.testng.internal.invokers.MethodInvocationHelper.invokeMethod(MethodInvocationHelper.java:139)
at org.testng.internal.invokers.TestInvoker.invokeMethod(TestInvoker.java:664)
... 22 more
Caused by: org.mockito.exceptions.base.MockitoException: Could not modify all classes [class org.apache.mailet.base.GenericMailet, class java.lang.Object, interface org.apache.mailet.Mailet, interface org.apache.mailet.MailetConfig, class com.kwee.james.mailets.KPNVeiligVirusScan]
at net.bytebuddy.TypeCache.findOrInsert(TypeCache.java:168)
at net.bytebuddy.TypeCache$WithInlineExpunction.findOrInsert(TypeCache.java:399)
at net.bytebuddy.TypeCache.findOrInsert(TypeCache.java:190)
at net.bytebuddy.TypeCache$WithInlineExpunction.findOrInsert(TypeCache.java:410)
... 27 more
Caused by: java.lang.IllegalStateException: 
Byte Buddy could not instrument all classes within the mock's type hierarchy

This problem should never occur for javac-compiled classes. This problem has been observed for classes that are:
 - Compiled by older versions of scalac
 - Classes that are part of the Android distribution
at org.mockito.internal.creation.bytebuddy.InlineBytecodeGenerator.triggerRetransformation(InlineBytecodeGenerator.java:285)
at org.mockito.internal.creation.bytebuddy.InlineBytecodeGenerator.mockClass(InlineBytecodeGenerator.java:218)
at org.mockito.internal.creation.bytebuddy.TypeCachingBytecodeGenerator.lambda$mockClass$0(TypeCachingBytecodeGenerator.java:78)
at net.bytebuddy.TypeCache.findOrInsert(TypeCache.java:168)
at net.bytebuddy.TypeCache$WithInlineExpunction.findOrInsert(TypeCache.java:399)
at net.bytebuddy.TypeCache.findOrInsert(TypeCache.java:190)
at net.bytebuddy.TypeCache$WithInlineExpunction.findOrInsert(TypeCache.java:410)
at org.mockito.internal.creation.bytebuddy.TypeCachingBytecodeGenerator.mockClass(TypeCachingBytecodeGenerator.java:75)
at org.mockito.internal.creation.bytebuddy.InlineDelegateByteBuddyMockMaker.createMockType(InlineDelegateByteBuddyMockMaker.java:396)
at org.mockito.internal.creation.bytebuddy.InlineDelegateByteBuddyMockMaker.doCreateMock(InlineDelegateByteBuddyMockMaker.java:355)
at org.mockito.internal.creation.bytebuddy.InlineDelegateByteBuddyMockMaker.createSpy(InlineDelegateByteBuddyMockMaker.java:345)
at org.mockito.internal.creation.bytebuddy.InlineByteBuddyMockMaker.createSpy(InlineByteBuddyMockMaker.java:62)
at org.mockito.internal.util.MockUtil.createMock(MockUtil.java:91)
at org.mockito.internal.MockitoCore.mock(MockitoCore.java:88)
at org.mockito.Mockito.spy(Mockito.java:2188)
... 27 more
Caused by: java.lang.IllegalArgumentException: Java 24 (68) is not supported by the current version of Byte Buddy which officially supports Java 21 (65) - update Byte Buddy or set net.bytebuddy.experimental as a VM property
at net.bytebuddy.utility.OpenedClassReader.of(OpenedClassReader.java:100)
at net.bytebuddy.dynamic.scaffold.TypeWriter$Default$ForInlining.create(TypeWriter.java:4011)
at net.bytebuddy.dynamic.scaffold.TypeWriter$Default.make(TypeWriter.java:2224)
at net.bytebuddy.dynamic.DynamicType$Builder$AbstractBase$UsingTypeWriter.make(DynamicType.java:4055)
at net.bytebuddy.dynamic.DynamicType$Builder$AbstractBase.make(DynamicType.java:3739)
at org.mockito.internal.creation.bytebuddy.InlineBytecodeGenerator.transform(InlineBytecodeGenerator.java:402)
at java.instrument/java.lang.instrument.ClassFileTransformer.transform(ClassFileTransformer.java:257)
at java.instrument/sun.instrument.TransformerManager.transform(TransformerManager.java:188)
at java.instrument/sun.instrument.InstrumentationImpl.transform(InstrumentationImpl.java:594)
at java.instrument/sun.instrument.InstrumentationImpl.retransformClasses0(Native Method)
at java.instrument/sun.instrument.InstrumentationImpl.retransformClasses(InstrumentationImpl.java:221)
at org.mockito.internal.creation.bytebuddy.InlineBytecodeGenerator.triggerRetransformation(InlineBytecodeGenerator.java:281)
... 41 more
]]>
    </error>
  </testcase> <!-- testScanFailureShouldThrowException -->
  <testcase classname="com.kwee.james.mailets.KPNVeiligVirusScanTest" name="testInitShouldCreateDirectories" time="0.004"/>
  <testcase classname="com.kwee.james.mailets.KPNVeiligVirusScanTest" name="testCleanMailShouldContinueProcessing" time="0.329">
    <error message="
Mockito cannot mock this class: class com.kwee.james.mailets.KPNVeiligVirusScan.

If you&#039;re not sure why you&#039;re getting this error, please open an issue on GitHub.


Java               : 24
JVM vendor name    : Azul Systems, Inc.
JVM vendor version : 24.0.1+9
JVM name           : OpenJDK 64-Bit Server VM
JVM version        : 24.0.1+9
JVM info           : mixed mode, sharing
OS name            : Windows 10
OS version         : 10.0


You are seeing this disclaimer because Mockito is configured to create inlined mocks.
You can learn about inline mocks and their limitations under item #39 of the Mockito class javadoc.

Underlying exception : org.mockito.exceptions.base.MockitoException: Could not modify all classes [class org.apache.mailet.base.GenericMailet, class java.lang.Object, interface org.apache.mailet.Mailet, interface org.apache.mailet.MailetConfig, class com.kwee.james.mailets.KPNVeiligVirusScan]" type="org.mockito.exceptions.base.MockitoException">
      <![CDATA[org.mockito.exceptions.base.MockitoException: 
Mockito cannot mock this class: class com.kwee.james.mailets.KPNVeiligVirusScan.

If you're not sure why you're getting this error, please open an issue on GitHub.


Java               : 24
JVM vendor name    : Azul Systems, Inc.
JVM vendor version : 24.0.1+9
JVM name           : OpenJDK 64-Bit Server VM
JVM version        : 24.0.1+9
JVM info           : mixed mode, sharing
OS name            : Windows 10
OS version         : 10.0


You are seeing this disclaimer because Mockito is configured to create inlined mocks.
You can learn about inline mocks and their limitations under item #39 of the Mockito class javadoc.

Underlying exception : org.mockito.exceptions.base.MockitoException: Could not modify all classes [class org.apache.mailet.base.GenericMailet, class java.lang.Object, interface org.apache.mailet.Mailet, interface org.apache.mailet.MailetConfig, class com.kwee.james.mailets.KPNVeiligVirusScan]
at com.kwee.james.mailets.KPNVeiligVirusScanTest.testCleanMailShouldContinueProcessing(KPNVeiligVirusScanTest.java:66)
at java.base/jdk.internal.reflect.DirectMethodHandleAccessor.invoke(DirectMethodHandleAccessor.java:104)
at java.base/java.lang.reflect.Method.invoke(Method.java:565)
at org.testng.internal.invokers.MethodInvocationHelper.invokeMethod(MethodInvocationHelper.java:139)
at org.testng.internal.invokers.TestInvoker.invokeMethod(TestInvoker.java:664)
at org.testng.internal.invokers.TestInvoker.invokeTestMethod(TestInvoker.java:227)
at org.testng.internal.invokers.MethodRunner.runInSequence(MethodRunner.java:50)
at org.testng.internal.invokers.TestInvoker$MethodInvocationAgent.invoke(TestInvoker.java:957)
at org.testng.internal.invokers.TestInvoker.invokeTestMethods(TestInvoker.java:200)
at org.testng.internal.invokers.TestMethodWorker.invokeTestMethods(TestMethodWorker.java:148)
at org.testng.internal.invokers.TestMethodWorker.run(TestMethodWorker.java:128)
at java.base/java.util.ArrayList.forEach(ArrayList.java:1604)
at org.testng.TestRunner.privateRun(TestRunner.java:848)
at org.testng.TestRunner.run(TestRunner.java:621)
at org.testng.SuiteRunner.runTest(SuiteRunner.java:443)
at org.testng.SuiteRunner.runSequentially(SuiteRunner.java:437)
at org.testng.SuiteRunner.privateRun(SuiteRunner.java:397)
at org.testng.SuiteRunner.run(SuiteRunner.java:336)
at org.testng.SuiteRunnerWorker.runSuite(SuiteRunnerWorker.java:52)
at org.testng.SuiteRunnerWorker.run(SuiteRunnerWorker.java:95)
at org.testng.TestNG.runSuitesSequentially(TestNG.java:1280)
at org.testng.TestNG.runSuitesLocally(TestNG.java:1200)
at org.testng.TestNG.runSuites(TestNG.java:1114)
at org.testng.TestNG.run(TestNG.java:1082)
at org.testng.remote.AbstractRemoteTestNG.run(AbstractRemoteTestNG.java:115)
at org.testng.remote.RemoteTestNG.initAndRun(RemoteTestNG.java:293)
at org.testng.remote.RemoteTestNG.main(RemoteTestNG.java:91)
Caused by: org.mockito.exceptions.base.MockitoException: Could not modify all classes [class org.apache.mailet.base.GenericMailet, class java.lang.Object, interface org.apache.mailet.Mailet, interface org.apache.mailet.MailetConfig, class com.kwee.james.mailets.KPNVeiligVirusScan]
at net.bytebuddy.TypeCache.findOrInsert(TypeCache.java:168)
at net.bytebuddy.TypeCache$WithInlineExpunction.findOrInsert(TypeCache.java:399)
at net.bytebuddy.TypeCache.findOrInsert(TypeCache.java:190)
at net.bytebuddy.TypeCache$WithInlineExpunction.findOrInsert(TypeCache.java:410)
... 27 more
Caused by: java.lang.IllegalStateException: 
Byte Buddy could not instrument all classes within the mock's type hierarchy

This problem should never occur for javac-compiled classes. This problem has been observed for classes that are:
 - Compiled by older versions of scalac
 - Classes that are part of the Android distribution
at org.mockito.internal.creation.bytebuddy.InlineBytecodeGenerator.triggerRetransformation(InlineBytecodeGenerator.java:285)
at org.mockito.internal.creation.bytebuddy.InlineBytecodeGenerator.mockClass(InlineBytecodeGenerator.java:218)
at org.mockito.internal.creation.bytebuddy.TypeCachingBytecodeGenerator.lambda$mockClass$0(TypeCachingBytecodeGenerator.java:78)
at net.bytebuddy.TypeCache.findOrInsert(TypeCache.java:168)
at net.bytebuddy.TypeCache$WithInlineExpunction.findOrInsert(TypeCache.java:399)
at net.bytebuddy.TypeCache.findOrInsert(TypeCache.java:190)
at net.bytebuddy.TypeCache$WithInlineExpunction.findOrInsert(TypeCache.java:410)
at org.mockito.internal.creation.bytebuddy.TypeCachingBytecodeGenerator.mockClass(TypeCachingBytecodeGenerator.java:75)
at org.mockito.internal.creation.bytebuddy.InlineDelegateByteBuddyMockMaker.createMockType(InlineDelegateByteBuddyMockMaker.java:396)
at org.mockito.internal.creation.bytebuddy.InlineDelegateByteBuddyMockMaker.doCreateMock(InlineDelegateByteBuddyMockMaker.java:355)
at org.mockito.internal.creation.bytebuddy.InlineDelegateByteBuddyMockMaker.createSpy(InlineDelegateByteBuddyMockMaker.java:345)
at org.mockito.internal.creation.bytebuddy.InlineByteBuddyMockMaker.createSpy(InlineByteBuddyMockMaker.java:62)
at org.mockito.internal.util.MockUtil.createMock(MockUtil.java:91)
at org.mockito.internal.MockitoCore.mock(MockitoCore.java:88)
at org.mockito.Mockito.spy(Mockito.java:2188)
... 27 more
Caused by: java.lang.IllegalArgumentException: Java 24 (68) is not supported by the current version of Byte Buddy which officially supports Java 21 (65) - update Byte Buddy or set net.bytebuddy.experimental as a VM property
at net.bytebuddy.utility.OpenedClassReader.of(OpenedClassReader.java:100)
at net.bytebuddy.dynamic.scaffold.TypeWriter$Default$ForInlining.create(TypeWriter.java:4011)
at net.bytebuddy.dynamic.scaffold.TypeWriter$Default.make(TypeWriter.java:2224)
at net.bytebuddy.dynamic.DynamicType$Builder$AbstractBase$UsingTypeWriter.make(DynamicType.java:4055)
at net.bytebuddy.dynamic.DynamicType$Builder$AbstractBase.make(DynamicType.java:3739)
at org.mockito.internal.creation.bytebuddy.InlineBytecodeGenerator.transform(InlineBytecodeGenerator.java:402)
at java.instrument/java.lang.instrument.ClassFileTransformer.transform(ClassFileTransformer.java:257)
at java.instrument/sun.instrument.TransformerManager.transform(TransformerManager.java:188)
at java.instrument/sun.instrument.InstrumentationImpl.transform(InstrumentationImpl.java:594)
at java.instrument/sun.instrument.InstrumentationImpl.retransformClasses0(Native Method)
at java.instrument/sun.instrument.InstrumentationImpl.retransformClasses(InstrumentationImpl.java:221)
at org.mockito.internal.creation.bytebuddy.InlineBytecodeGenerator.triggerRetransformation(InlineBytecodeGenerator.java:281)
... 41 more
]]>
    </error>
  </testcase> <!-- testCleanMailShouldContinueProcessing -->
  <testcase classname="com.kwee.james.mailets.KPNVeiligVirusScanTest" name="testKPNcall" time="0.015">
    <error message="resources\eicar_com.zip" type="java.nio.file.NoSuchFileException">
      <![CDATA[java.nio.file.NoSuchFileException: resources\eicar_com.zip
at jdk.zipfs/jdk.nio.zipfs.ZipFileSystem.<init>(ZipFileSystem.java:160)
at jdk.zipfs/jdk.nio.zipfs.ZipFileSystemProvider.getZipFileSystem(ZipFileSystemProvider.java:122)
at jdk.zipfs/jdk.nio.zipfs.ZipFileSystemProvider.newFileSystem(ZipFileSystemProvider.java:117)
at java.base/java.nio.file.FileSystems.newFileSystem(FileSystems.java:494)
at java.base/java.nio.file.FileSystems.newFileSystem(FileSystems.java:375)
at com.kwee.james.mailets.KPNVeiligVirusScanTest.testKPNcall(KPNVeiligVirusScanTest.java:200)
at java.base/jdk.internal.reflect.DirectMethodHandleAccessor.invoke(DirectMethodHandleAccessor.java:104)
at java.base/java.lang.reflect.Method.invoke(Method.java:565)
at org.testng.internal.invokers.MethodInvocationHelper.invokeMethod(MethodInvocationHelper.java:139)
at org.testng.internal.invokers.TestInvoker.invokeMethod(TestInvoker.java:664)
at org.testng.internal.invokers.TestInvoker.invokeTestMethod(TestInvoker.java:227)
at org.testng.internal.invokers.MethodRunner.runInSequence(MethodRunner.java:50)
at org.testng.internal.invokers.TestInvoker$MethodInvocationAgent.invoke(TestInvoker.java:957)
at org.testng.internal.invokers.TestInvoker.invokeTestMethods(TestInvoker.java:200)
at org.testng.internal.invokers.TestMethodWorker.invokeTestMethods(TestMethodWorker.java:148)
at org.testng.internal.invokers.TestMethodWorker.run(TestMethodWorker.java:128)
at java.base/java.util.ArrayList.forEach(ArrayList.java:1604)
at org.testng.TestRunner.privateRun(TestRunner.java:848)
at org.testng.TestRunner.run(TestRunner.java:621)
at org.testng.SuiteRunner.runTest(SuiteRunner.java:443)
at org.testng.SuiteRunner.runSequentially(SuiteRunner.java:437)
at org.testng.SuiteRunner.privateRun(SuiteRunner.java:397)
at org.testng.SuiteRunner.run(SuiteRunner.java:336)
at org.testng.SuiteRunnerWorker.runSuite(SuiteRunnerWorker.java:52)
at org.testng.SuiteRunnerWorker.run(SuiteRunnerWorker.java:95)
at org.testng.TestNG.runSuitesSequentially(TestNG.java:1280)
at org.testng.TestNG.runSuitesLocally(TestNG.java:1200)
at org.testng.TestNG.runSuites(TestNG.java:1114)
at org.testng.TestNG.run(TestNG.java:1082)
at org.testng.remote.AbstractRemoteTestNG.run(AbstractRemoteTestNG.java:115)
at org.testng.remote.RemoteTestNG.initAndRun(RemoteTestNG.java:293)
at org.testng.remote.RemoteTestNG.main(RemoteTestNG.java:91)
]]>
    </error>
  </testcase> <!-- testKPNcall -->
</testsuite> <!-- com.kwee.james.mailets.KPNVeiligVirusScanTest -->
